<?xml version="1.0" encoding="UTF-8"?>
<testsuite xmlns:xsi="http://www.w3.org/2001/XMLSchema-instance" xsi:noNamespaceSchemaLocation="https://maven.apache.org/surefire/maven-surefire-plugin/xsd/surefire-test-report.xsd" name="entity.JPATest" time="0.087" tests="1" errors="1" skipped="0" failures="0">
  <properties>
    <property name="sun.desktop" value="windows"/>
    <property name="awt.toolkit" value="sun.awt.windows.WToolkit"/>
    <property name="file.encoding.pkg" value="sun.io"/>
    <property name="java.specification.version" value="1.8"/>
    <property name="sun.cpu.isalist" value="amd64"/>
    <property name="sun.jnu.encoding" value="GBK"/>
    <property name="java.class.path" value="F:\githubStudy\JPA\JPA\target\test-classes;F:\githubStudy\JPA\JPA\target\classes;E:\repository\junit\junit\4.12\junit-4.12.jar;E:\repository\org\hamcrest\hamcrest-core\1.3\hamcrest-core-1.3.jar;E:\repository\org\hibernate\hibernate-entitymanager\5.0.7.Final\hibernate-entitymanager-5.0.7.Final.jar;E:\repository\org\jboss\logging\jboss-logging\3.3.0.Final\jboss-logging-3.3.0.Final.jar;E:\repository\org\hibernate\hibernate-core\5.0.7.Final\hibernate-core-5.0.7.Final.jar;E:\repository\antlr\antlr\2.7.7\antlr-2.7.7.jar;E:\repository\org\jboss\jandex\2.0.0.Final\jandex-2.0.0.Final.jar;E:\repository\dom4j\dom4j\1.6.1\dom4j-1.6.1.jar;E:\repository\xml-apis\xml-apis\1.0.b2\xml-apis-1.0.b2.jar;E:\repository\org\hibernate\common\hibernate-commons-annotations\5.0.1.Final\hibernate-commons-annotations-5.0.1.Final.jar;E:\repository\org\hibernate\javax\persistence\hibernate-jpa-2.1-api\1.0.0.Final\hibernate-jpa-2.1-api-1.0.0.Final.jar;E:\repository\org\javassist\javassist\3.18.1-GA\javassist-3.18.1-GA.jar;E:\repository\org\apache\geronimo\specs\geronimo-jta_1.1_spec\1.1.1\geronimo-jta_1.1_spec-1.1.1.jar;E:\repository\org\hibernate\hibernate-c3p0\5.0.7.Final\hibernate-c3p0-5.0.7.Final.jar;E:\repository\com\mchange\c3p0\0.9.2.1\c3p0-0.9.2.1.jar;E:\repository\com\mchange\mchange-commons-java\0.2.3.4\mchange-commons-java-0.2.3.4.jar;E:\repository\mysql\mysql-connector-java\5.1.6\mysql-connector-java-5.1.6.jar;"/>
    <property name="java.vm.vendor" value="Oracle Corporation"/>
    <property name="sun.arch.data.model" value="64"/>
    <property name="user.variant" value=""/>
    <property name="java.vendor.url" value="http://java.oracle.com/"/>
    <property name="user.timezone" value="Asia/Shanghai"/>
    <property name="java.vm.specification.version" value="1.8"/>
    <property name="os.name" value="Windows 7"/>
    <property name="user.country" value="CN"/>
    <property name="sun.java.launcher" value="SUN_STANDARD"/>
    <property name="sun.boot.library.path" value="D:\jdk8\jdk8\jre\bin"/>
    <property name="sun.java.command" value="C:\Users\ADMINI~1\AppData\Local\Temp\surefire461951905471576060\surefirebooter7364693357507561488.jar C:\Users\Administrator\AppData\Local\Temp\surefire461951905471576060 2020-03-12T21-59-43_118-jvmRun1 surefire7819869984965904049tmp surefire_07653225005543668604tmp"/>
    <property name="surefire.test.class.path" value="F:\githubStudy\JPA\JPA\target\test-classes;F:\githubStudy\JPA\JPA\target\classes;E:\repository\junit\junit\4.12\junit-4.12.jar;E:\repository\org\hamcrest\hamcrest-core\1.3\hamcrest-core-1.3.jar;E:\repository\org\hibernate\hibernate-entitymanager\5.0.7.Final\hibernate-entitymanager-5.0.7.Final.jar;E:\repository\org\jboss\logging\jboss-logging\3.3.0.Final\jboss-logging-3.3.0.Final.jar;E:\repository\org\hibernate\hibernate-core\5.0.7.Final\hibernate-core-5.0.7.Final.jar;E:\repository\antlr\antlr\2.7.7\antlr-2.7.7.jar;E:\repository\org\jboss\jandex\2.0.0.Final\jandex-2.0.0.Final.jar;E:\repository\dom4j\dom4j\1.6.1\dom4j-1.6.1.jar;E:\repository\xml-apis\xml-apis\1.0.b2\xml-apis-1.0.b2.jar;E:\repository\org\hibernate\common\hibernate-commons-annotations\5.0.1.Final\hibernate-commons-annotations-5.0.1.Final.jar;E:\repository\org\hibernate\javax\persistence\hibernate-jpa-2.1-api\1.0.0.Final\hibernate-jpa-2.1-api-1.0.0.Final.jar;E:\repository\org\javassist\javassist\3.18.1-GA\javassist-3.18.1-GA.jar;E:\repository\org\apache\geronimo\specs\geronimo-jta_1.1_spec\1.1.1\geronimo-jta_1.1_spec-1.1.1.jar;E:\repository\org\hibernate\hibernate-c3p0\5.0.7.Final\hibernate-c3p0-5.0.7.Final.jar;E:\repository\com\mchange\c3p0\0.9.2.1\c3p0-0.9.2.1.jar;E:\repository\com\mchange\mchange-commons-java\0.2.3.4\mchange-commons-java-0.2.3.4.jar;E:\repository\mysql\mysql-connector-java\5.1.6\mysql-connector-java-5.1.6.jar;"/>
    <property name="sun.cpu.endian" value="little"/>
    <property name="user.home" value="C:\Users\Administrator"/>
    <property name="user.language" value="zh"/>
    <property name="java.specification.vendor" value="Oracle Corporation"/>
    <property name="java.home" value="D:\jdk8\jdk8\jre"/>
    <property name="basedir" value="F:\githubStudy\JPA\JPA"/>
    <property name="file.separator" value="\"/>
    <property name="line.separator" value="&#10;"/>
    <property name="java.vm.specification.vendor" value="Oracle Corporation"/>
    <property name="java.specification.name" value="Java Platform API Specification"/>
    <property name="java.awt.graphicsenv" value="sun.awt.Win32GraphicsEnvironment"/>
    <property name="surefire.real.class.path" value="C:\Users\ADMINI~1\AppData\Local\Temp\surefire461951905471576060\surefirebooter7364693357507561488.jar"/>
    <property name="sun.boot.class.path" value="D:\jdk8\jdk8\jre\lib\resources.jar;D:\jdk8\jdk8\jre\lib\rt.jar;D:\jdk8\jdk8\jre\lib\sunrsasign.jar;D:\jdk8\jdk8\jre\lib\jsse.jar;D:\jdk8\jdk8\jre\lib\jce.jar;D:\jdk8\jdk8\jre\lib\charsets.jar;D:\jdk8\jdk8\jre\lib\jfr.jar;D:\jdk8\jdk8\jre\classes"/>
    <property name="user.script" value=""/>
    <property name="sun.management.compiler" value="HotSpot 64-Bit Tiered Compilers"/>
    <property name="java.runtime.version" value="1.8.0_121-b13"/>
    <property name="user.name" value="Administrator"/>
    <property name="path.separator" value=";"/>
    <property name="os.version" value="6.1"/>
    <property name="java.endorsed.dirs" value="D:\jdk8\jdk8\jre\lib\endorsed"/>
    <property name="java.runtime.name" value="Java(TM) SE Runtime Environment"/>
    <property name="file.encoding" value="GBK"/>
    <property name="java.vm.name" value="Java HotSpot(TM) 64-Bit Server VM"/>
    <property name="localRepository" value="E:\repository"/>
    <property name="java.vendor.url.bug" value="http://bugreport.sun.com/bugreport/"/>
    <property name="java.io.tmpdir" value="C:\Users\ADMINI~1\AppData\Local\Temp\"/>
    <property name="idea.version" value="2018.3.6"/>
    <property name="java.version" value="1.8.0_121"/>
    <property name="user.dir" value="F:\githubStudy\JPA\JPA"/>
    <property name="os.arch" value="amd64"/>
    <property name="java.vm.specification.name" value="Java Virtual Machine Specification"/>
    <property name="java.awt.printerjob" value="sun.awt.windows.WPrinterJob"/>
    <property name="sun.os.patch.level" value="Service Pack 1"/>
    <property name="java.library.path" value="D:\jdk8\jdk8\jre\bin;C:\Windows\Sun\Java\bin;C:\Windows\system32;C:\Windows;D:\jdk8\jdk8\bin;C:\Windows\system32;C:\Windows;C:\Windows\System32\Wbem;C:\Windows\System32\WindowsPowerShell\v1.0\;E:\mysql\bin;D:\apache-maven-3.6.1\bin;C:\Program Files\VisualSVN Server\bin;C:\Program Files\TortoiseSVN\bin;C:\Program Files\Git\cmd;C:\Program Files\TortoiseGit\bin;C:\Program Files\nodejs\;E:\nodejs\npm_modules;D:\erl9.3\bin;C:\Users\Administrator\AppData\Roaming\npm;."/>
    <property name="java.vm.info" value="mixed mode"/>
    <property name="java.vendor" value="Oracle Corporation"/>
    <property name="java.vm.version" value="25.121-b13"/>
    <property name="java.ext.dirs" value="D:\jdk8\jdk8\jre\lib\ext;C:\Windows\Sun\Java\lib\ext"/>
    <property name="sun.io.unicode.encoding" value="UnicodeLittle"/>
    <property name="maven.repo.local" value="E:\repository"/>
    <property name="java.class.version" value="52.0"/>
  </properties>
  <testcase name="test" classname="entity.JPATest" time="0.08">
    <error message="No Persistence provider for EntityManager named myJpa" type="javax.persistence.PersistenceException">javax.persistence.PersistenceException: No Persistence provider for EntityManager named myJpa
	at entity.JPATest.test(JPATest.java:18)
</error>
    <system-err><![CDATA[三月 12, 2020 9:59:53 下午 org.hibernate.jpa.boot.internal.PersistenceXmlParser doResolve
INFO: HHH000318: Could not find any META-INF/persistence.xml file in the classpath
]]></system-err>
  </testcase>
</testsuite>